EmptyAndroidAppMixpanel/app/build/intermediates/manifest_merge_blame_file/release/manifest-merger-blame-release-report.txt
1<?xml version="1.0" encoding="utf-8"?>
2<manifest xmlns:android="http://schemas.android.com/apk/res/android"
3    package="com.appdome.emptyandroidapp"
4    android:versionCode="1"
5    android:versionName="1.0.0" >
6
7    <uses-sdk
8        android:minSdkVersion="16"
8-->src/main/AndroidManifest.xml
9        android:targetSdkVersion="26" />
9-->src/main/AndroidManifest.xml
10
11    <uses-permission android:name="android.permission.INTERNET" />
11-->src/main/AndroidManifest.xml:4:5-67
11-->src/main/AndroidManifest.xml:4:22-64
12
13    <application
13-->src/main/AndroidManifest.xml:6:5-17:19
14        android:allowBackup="true"
14-->src/main/AndroidManifest.xml:7:9-35
15        android:label="Empty Android Mixpanel App"
15-->src/main/AndroidManifest.xml:8:9-51
16        android:supportsRtl="true" >
16-->src/main/AndroidManifest.xml:9:9-35
17        <activity android:name="com.appdome.emptyandroidapp.MainActivity" >
17-->src/main/AndroidManifest.xml:10:9-16:20
17-->src/main/AndroidManifest.xml:10:19-47
18            <intent-filter>
18-->src/main/AndroidManifest.xml:11:13-15:29
19                <action android:name="android.intent.action.MAIN" />
19-->src/main/AndroidManifest.xml:12:17-69
19-->src/main/AndroidManifest.xml:12:25-66
20
21                <category android:name="android.intent.category.LAUNCHER" />
21-->src/main/AndroidManifest.xml:14:17-77
21-->src/main/AndroidManifest.xml:14:27-74
22            </intent-filter>
23        </activity>
24    </application>
25
26</manifest>